<?xml version="1.0" encoding="utf-8"?><testsuites name="pytest tests"><testsuite name="pytest" errors="19" failures="0" skipped="0" tests="19" time="0.914" timestamp="2025-06-10T10:59:37.126476+08:00" hostname="LAPTOP-POECV673"><testcase classname="testcase.Business interface.test_business_scenario.TestEBusinessScenario" name="test_business_scenario[case_info0]" time="0.139"><error message="failed on setup with &quot;AttributeError: 'str' object has no attribute 'iter_parents'&quot;">self = &lt;allure_pytest.listener.AllureListener object at 0x000002B040DCC730&gt;
item = &lt;Function test_business_scenario[case_info0]&gt;

    @pytest.hookimpl(hookwrapper=True)
    def pytest_runtest_setup(self, item):
        if not self._cache.get(item.nodeid):
            uuid = self._cache.push(item.nodeid)
            test_result = TestResult(name=item.name, uuid=uuid, start=now(), stop=now())
            self.allure_logger.schedule_test(uuid, test_result)
    
        yield
    
        uuid = self._cache.get(item.nodeid)
        test_result = self.allure_logger.get_test(uuid)
&gt;       for fixturedef in _test_fixtures(item):

..\python3.10.1\lib\site-packages\allure_pytest\listener.py:79: 
_ _ _ _ _ _ _ _ _ _ _ _ _ _ _ _ _ _ _ _ _ _ _ _ _ _ _ _ _ _ _ _ _ _ _ _ _ _ _ _

item = &lt;Function test_business_scenario[case_info0]&gt;

    def _test_fixtures(item):
        fixturemanager = item.session._fixturemanager
        fixturedefs = []
    
        if hasattr(item, "_request") and hasattr(item._request, "fixturenames"):
            for name in item._request.fixturenames:
&gt;               fixturedef = fixturemanager.getfixturedefs(name, item.nodeid)
E               AttributeError: 'str' object has no attribute 'iter_parents'

..\python3.10.1\lib\site-packages\allure_pytest\listener.py:286: AttributeError</error></testcase><testcase classname="testcase.Business interface.test_business_scenario.TestEBusinessScenario" name="test_business_scenario[case_info1]" time="0.003"><error message="failed on setup with &quot;AttributeError: 'str' object has no attribute 'iter_parents'&quot;">self = &lt;allure_pytest.listener.AllureListener object at 0x000002B040DCC730&gt;
item = &lt;Function test_business_scenario[case_info1]&gt;

    @pytest.hookimpl(hookwrapper=True)
    def pytest_runtest_setup(self, item):
        if not self._cache.get(item.nodeid):
            uuid = self._cache.push(item.nodeid)
            test_result = TestResult(name=item.name, uuid=uuid, start=now(), stop=now())
            self.allure_logger.schedule_test(uuid, test_result)
    
        yield
    
        uuid = self._cache.get(item.nodeid)
        test_result = self.allure_logger.get_test(uuid)
&gt;       for fixturedef in _test_fixtures(item):

..\python3.10.1\lib\site-packages\allure_pytest\listener.py:79: 
_ _ _ _ _ _ _ _ _ _ _ _ _ _ _ _ _ _ _ _ _ _ _ _ _ _ _ _ _ _ _ _ _ _ _ _ _ _ _ _

item = &lt;Function test_business_scenario[case_info1]&gt;

    def _test_fixtures(item):
        fixturemanager = item.session._fixturemanager
        fixturedefs = []
    
        if hasattr(item, "_request") and hasattr(item._request, "fixturenames"):
            for name in item._request.fixturenames:
&gt;               fixturedef = fixturemanager.getfixturedefs(name, item.nodeid)
E               AttributeError: 'str' object has no attribute 'iter_parents'

..\python3.10.1\lib\site-packages\allure_pytest\listener.py:286: AttributeError</error></testcase><testcase classname="testcase.Business interface.test_business_scenario.TestEBusinessScenario" name="test_business_scenario[case_info2]" time="0.003"><error message="failed on setup with &quot;AttributeError: 'str' object has no attribute 'iter_parents'&quot;">self = &lt;allure_pytest.listener.AllureListener object at 0x000002B040DCC730&gt;
item = &lt;Function test_business_scenario[case_info2]&gt;

    @pytest.hookimpl(hookwrapper=True)
    def pytest_runtest_setup(self, item):
        if not self._cache.get(item.nodeid):
            uuid = self._cache.push(item.nodeid)
            test_result = TestResult(name=item.name, uuid=uuid, start=now(), stop=now())
            self.allure_logger.schedule_test(uuid, test_result)
    
        yield
    
        uuid = self._cache.get(item.nodeid)
        test_result = self.allure_logger.get_test(uuid)
&gt;       for fixturedef in _test_fixtures(item):

..\python3.10.1\lib\site-packages\allure_pytest\listener.py:79: 
_ _ _ _ _ _ _ _ _ _ _ _ _ _ _ _ _ _ _ _ _ _ _ _ _ _ _ _ _ _ _ _ _ _ _ _ _ _ _ _

item = &lt;Function test_business_scenario[case_info2]&gt;

    def _test_fixtures(item):
        fixturemanager = item.session._fixturemanager
        fixturedefs = []
    
        if hasattr(item, "_request") and hasattr(item._request, "fixturenames"):
            for name in item._request.fixturenames:
&gt;               fixturedef = fixturemanager.getfixturedefs(name, item.nodeid)
E               AttributeError: 'str' object has no attribute 'iter_parents'

..\python3.10.1\lib\site-packages\allure_pytest\listener.py:286: AttributeError</error></testcase><testcase classname="testcase.Business interface.test_business_scenario.TestEBusinessScenario" name="test_business_scenario[case_info3]" time="0.003"><error message="failed on setup with &quot;AttributeError: 'str' object has no attribute 'iter_parents'&quot;">self = &lt;allure_pytest.listener.AllureListener object at 0x000002B040DCC730&gt;
item = &lt;Function test_business_scenario[case_info3]&gt;

    @pytest.hookimpl(hookwrapper=True)
    def pytest_runtest_setup(self, item):
        if not self._cache.get(item.nodeid):
            uuid = self._cache.push(item.nodeid)
            test_result = TestResult(name=item.name, uuid=uuid, start=now(), stop=now())
            self.allure_logger.schedule_test(uuid, test_result)
    
        yield
    
        uuid = self._cache.get(item.nodeid)
        test_result = self.allure_logger.get_test(uuid)
&gt;       for fixturedef in _test_fixtures(item):

..\python3.10.1\lib\site-packages\allure_pytest\listener.py:79: 
_ _ _ _ _ _ _ _ _ _ _ _ _ _ _ _ _ _ _ _ _ _ _ _ _ _ _ _ _ _ _ _ _ _ _ _ _ _ _ _

item = &lt;Function test_business_scenario[case_info3]&gt;

    def _test_fixtures(item):
        fixturemanager = item.session._fixturemanager
        fixturedefs = []
    
        if hasattr(item, "_request") and hasattr(item._request, "fixturenames"):
            for name in item._request.fixturenames:
&gt;               fixturedef = fixturemanager.getfixturedefs(name, item.nodeid)
E               AttributeError: 'str' object has no attribute 'iter_parents'

..\python3.10.1\lib\site-packages\allure_pytest\listener.py:286: AttributeError</error></testcase><testcase classname="testcase.Business interface.test_business_scenario.TestEBusinessScenario" name="test_business_scenario[case_info4]" time="0.004"><error message="failed on setup with &quot;AttributeError: 'str' object has no attribute 'iter_parents'&quot;">self = &lt;allure_pytest.listener.AllureListener object at 0x000002B040DCC730&gt;
item = &lt;Function test_business_scenario[case_info4]&gt;

    @pytest.hookimpl(hookwrapper=True)
    def pytest_runtest_setup(self, item):
        if not self._cache.get(item.nodeid):
            uuid = self._cache.push(item.nodeid)
            test_result = TestResult(name=item.name, uuid=uuid, start=now(), stop=now())
            self.allure_logger.schedule_test(uuid, test_result)
    
        yield
    
        uuid = self._cache.get(item.nodeid)
        test_result = self.allure_logger.get_test(uuid)
&gt;       for fixturedef in _test_fixtures(item):

..\python3.10.1\lib\site-packages\allure_pytest\listener.py:79: 
_ _ _ _ _ _ _ _ _ _ _ _ _ _ _ _ _ _ _ _ _ _ _ _ _ _ _ _ _ _ _ _ _ _ _ _ _ _ _ _

item = &lt;Function test_business_scenario[case_info4]&gt;

    def _test_fixtures(item):
        fixturemanager = item.session._fixturemanager
        fixturedefs = []
    
        if hasattr(item, "_request") and hasattr(item._request, "fixturenames"):
            for name in item._request.fixturenames:
&gt;               fixturedef = fixturemanager.getfixturedefs(name, item.nodeid)
E               AttributeError: 'str' object has no attribute 'iter_parents'

..\python3.10.1\lib\site-packages\allure_pytest\listener.py:286: AttributeError</error></testcase><testcase classname="testcase.ProductManager.test_productList.TestLogin" name="test_get_product_list[base_info0-testcase0]" time="0.004"><error message="failed on setup with &quot;AttributeError: 'str' object has no attribute 'iter_parents'&quot;">self = &lt;allure_pytest.listener.AllureListener object at 0x000002B040DCC730&gt;
item = &lt;Function test_get_product_list[base_info0-testcase0]&gt;

    @pytest.hookimpl(hookwrapper=True)
    def pytest_runtest_setup(self, item):
        if not self._cache.get(item.nodeid):
            uuid = self._cache.push(item.nodeid)
            test_result = TestResult(name=item.name, uuid=uuid, start=now(), stop=now())
            self.allure_logger.schedule_test(uuid, test_result)
    
        yield
    
        uuid = self._cache.get(item.nodeid)
        test_result = self.allure_logger.get_test(uuid)
&gt;       for fixturedef in _test_fixtures(item):

..\python3.10.1\lib\site-packages\allure_pytest\listener.py:79: 
_ _ _ _ _ _ _ _ _ _ _ _ _ _ _ _ _ _ _ _ _ _ _ _ _ _ _ _ _ _ _ _ _ _ _ _ _ _ _ _

item = &lt;Function test_get_product_list[base_info0-testcase0]&gt;

    def _test_fixtures(item):
        fixturemanager = item.session._fixturemanager
        fixturedefs = []
    
        if hasattr(item, "_request") and hasattr(item._request, "fixturenames"):
            for name in item._request.fixturenames:
&gt;               fixturedef = fixturemanager.getfixturedefs(name, item.nodeid)
E               AttributeError: 'str' object has no attribute 'iter_parents'

..\python3.10.1\lib\site-packages\allure_pytest\listener.py:286: AttributeError</error></testcase><testcase classname="testcase.ProductManager.test_productList.TestLogin" name="test_get_product_detail[base_info0-testcase0]" time="0.004"><error message="failed on setup with &quot;AttributeError: 'str' object has no attribute 'iter_parents'&quot;">self = &lt;allure_pytest.listener.AllureListener object at 0x000002B040DCC730&gt;
item = &lt;Function test_get_product_detail[base_info0-testcase0]&gt;

    @pytest.hookimpl(hookwrapper=True)
    def pytest_runtest_setup(self, item):
        if not self._cache.get(item.nodeid):
            uuid = self._cache.push(item.nodeid)
            test_result = TestResult(name=item.name, uuid=uuid, start=now(), stop=now())
            self.allure_logger.schedule_test(uuid, test_result)
    
        yield
    
        uuid = self._cache.get(item.nodeid)
        test_result = self.allure_logger.get_test(uuid)
&gt;       for fixturedef in _test_fixtures(item):

..\python3.10.1\lib\site-packages\allure_pytest\listener.py:79: 
_ _ _ _ _ _ _ _ _ _ _ _ _ _ _ _ _ _ _ _ _ _ _ _ _ _ _ _ _ _ _ _ _ _ _ _ _ _ _ _

item = &lt;Function test_get_product_detail[base_info0-testcase0]&gt;

    def _test_fixtures(item):
        fixturemanager = item.session._fixturemanager
        fixturedefs = []
    
        if hasattr(item, "_request") and hasattr(item._request, "fixturenames"):
            for name in item._request.fixturenames:
&gt;               fixturedef = fixturemanager.getfixturedefs(name, item.nodeid)
E               AttributeError: 'str' object has no attribute 'iter_parents'

..\python3.10.1\lib\site-packages\allure_pytest\listener.py:286: AttributeError</error></testcase><testcase classname="testcase.ProductManager.test_productList.TestLogin" name="test_commit_order[base_info0-testcase0]" time="0.004"><error message="failed on setup with &quot;AttributeError: 'str' object has no attribute 'iter_parents'&quot;">self = &lt;allure_pytest.listener.AllureListener object at 0x000002B040DCC730&gt;
item = &lt;Function test_commit_order[base_info0-testcase0]&gt;

    @pytest.hookimpl(hookwrapper=True)
    def pytest_runtest_setup(self, item):
        if not self._cache.get(item.nodeid):
            uuid = self._cache.push(item.nodeid)
            test_result = TestResult(name=item.name, uuid=uuid, start=now(), stop=now())
            self.allure_logger.schedule_test(uuid, test_result)
    
        yield
    
        uuid = self._cache.get(item.nodeid)
        test_result = self.allure_logger.get_test(uuid)
&gt;       for fixturedef in _test_fixtures(item):

..\python3.10.1\lib\site-packages\allure_pytest\listener.py:79: 
_ _ _ _ _ _ _ _ _ _ _ _ _ _ _ _ _ _ _ _ _ _ _ _ _ _ _ _ _ _ _ _ _ _ _ _ _ _ _ _

item = &lt;Function test_commit_order[base_info0-testcase0]&gt;

    def _test_fixtures(item):
        fixturemanager = item.session._fixturemanager
        fixturedefs = []
    
        if hasattr(item, "_request") and hasattr(item._request, "fixturenames"):
            for name in item._request.fixturenames:
&gt;               fixturedef = fixturemanager.getfixturedefs(name, item.nodeid)
E               AttributeError: 'str' object has no attribute 'iter_parents'

..\python3.10.1\lib\site-packages\allure_pytest\listener.py:286: AttributeError</error></testcase><testcase classname="testcase.ProductManager.test_productList.TestLogin" name="test_order_pay[base_info0-testcase0]" time="0.004"><error message="failed on setup with &quot;AttributeError: 'str' object has no attribute 'iter_parents'&quot;">self = &lt;allure_pytest.listener.AllureListener object at 0x000002B040DCC730&gt;
item = &lt;Function test_order_pay[base_info0-testcase0]&gt;

    @pytest.hookimpl(hookwrapper=True)
    def pytest_runtest_setup(self, item):
        if not self._cache.get(item.nodeid):
            uuid = self._cache.push(item.nodeid)
            test_result = TestResult(name=item.name, uuid=uuid, start=now(), stop=now())
            self.allure_logger.schedule_test(uuid, test_result)
    
        yield
    
        uuid = self._cache.get(item.nodeid)
        test_result = self.allure_logger.get_test(uuid)
&gt;       for fixturedef in _test_fixtures(item):

..\python3.10.1\lib\site-packages\allure_pytest\listener.py:79: 
_ _ _ _ _ _ _ _ _ _ _ _ _ _ _ _ _ _ _ _ _ _ _ _ _ _ _ _ _ _ _ _ _ _ _ _ _ _ _ _

item = &lt;Function test_order_pay[base_info0-testcase0]&gt;

    def _test_fixtures(item):
        fixturemanager = item.session._fixturemanager
        fixturedefs = []
    
        if hasattr(item, "_request") and hasattr(item._request, "fixturenames"):
            for name in item._request.fixturenames:
&gt;               fixturedef = fixturemanager.getfixturedefs(name, item.nodeid)
E               AttributeError: 'str' object has no attribute 'iter_parents'

..\python3.10.1\lib\site-packages\allure_pytest\listener.py:286: AttributeError</error></testcase><testcase classname="testcase.Single interface.test_debug_api.TestUserManager" name="test_add_user[base_info0-testcase0]" time="0.007"><error message="failed on setup with &quot;AttributeError: 'str' object has no attribute 'iter_parents'&quot;">self = &lt;allure_pytest.listener.AllureListener object at 0x000002B040DCC730&gt;
item = &lt;Function test_add_user[base_info0-testcase0]&gt;

    @pytest.hookimpl(hookwrapper=True)
    def pytest_runtest_setup(self, item):
        if not self._cache.get(item.nodeid):
            uuid = self._cache.push(item.nodeid)
            test_result = TestResult(name=item.name, uuid=uuid, start=now(), stop=now())
            self.allure_logger.schedule_test(uuid, test_result)
    
        yield
    
        uuid = self._cache.get(item.nodeid)
        test_result = self.allure_logger.get_test(uuid)
&gt;       for fixturedef in _test_fixtures(item):

..\python3.10.1\lib\site-packages\allure_pytest\listener.py:79: 
_ _ _ _ _ _ _ _ _ _ _ _ _ _ _ _ _ _ _ _ _ _ _ _ _ _ _ _ _ _ _ _ _ _ _ _ _ _ _ _

item = &lt;Function test_add_user[base_info0-testcase0]&gt;

    def _test_fixtures(item):
        fixturemanager = item.session._fixturemanager
        fixturedefs = []
    
        if hasattr(item, "_request") and hasattr(item._request, "fixturenames"):
            for name in item._request.fixturenames:
&gt;               fixturedef = fixturemanager.getfixturedefs(name, item.nodeid)
E               AttributeError: 'str' object has no attribute 'iter_parents'

..\python3.10.1\lib\site-packages\allure_pytest\listener.py:286: AttributeError</error></testcase><testcase classname="testcase.Single interface.test_debug_api.TestUserManager" name="test_add_user[base_info1-testcase1]" time="0.005"><error message="failed on setup with &quot;AttributeError: 'str' object has no attribute 'iter_parents'&quot;">self = &lt;allure_pytest.listener.AllureListener object at 0x000002B040DCC730&gt;
item = &lt;Function test_add_user[base_info1-testcase1]&gt;

    @pytest.hookimpl(hookwrapper=True)
    def pytest_runtest_setup(self, item):
        if not self._cache.get(item.nodeid):
            uuid = self._cache.push(item.nodeid)
            test_result = TestResult(name=item.name, uuid=uuid, start=now(), stop=now())
            self.allure_logger.schedule_test(uuid, test_result)
    
        yield
    
        uuid = self._cache.get(item.nodeid)
        test_result = self.allure_logger.get_test(uuid)
&gt;       for fixturedef in _test_fixtures(item):

..\python3.10.1\lib\site-packages\allure_pytest\listener.py:79: 
_ _ _ _ _ _ _ _ _ _ _ _ _ _ _ _ _ _ _ _ _ _ _ _ _ _ _ _ _ _ _ _ _ _ _ _ _ _ _ _

item = &lt;Function test_add_user[base_info1-testcase1]&gt;

    def _test_fixtures(item):
        fixturemanager = item.session._fixturemanager
        fixturedefs = []
    
        if hasattr(item, "_request") and hasattr(item._request, "fixturenames"):
            for name in item._request.fixturenames:
&gt;               fixturedef = fixturemanager.getfixturedefs(name, item.nodeid)
E               AttributeError: 'str' object has no attribute 'iter_parents'

..\python3.10.1\lib\site-packages\allure_pytest\listener.py:286: AttributeError</error></testcase><testcase classname="testcase.Single interface.test_debug_api.TestUserManager" name="test_add_user[base_info2-testcase2]" time="0.004"><error message="failed on setup with &quot;AttributeError: 'str' object has no attribute 'iter_parents'&quot;">self = &lt;allure_pytest.listener.AllureListener object at 0x000002B040DCC730&gt;
item = &lt;Function test_add_user[base_info2-testcase2]&gt;

    @pytest.hookimpl(hookwrapper=True)
    def pytest_runtest_setup(self, item):
        if not self._cache.get(item.nodeid):
            uuid = self._cache.push(item.nodeid)
            test_result = TestResult(name=item.name, uuid=uuid, start=now(), stop=now())
            self.allure_logger.schedule_test(uuid, test_result)
    
        yield
    
        uuid = self._cache.get(item.nodeid)
        test_result = self.allure_logger.get_test(uuid)
&gt;       for fixturedef in _test_fixtures(item):

..\python3.10.1\lib\site-packages\allure_pytest\listener.py:79: 
_ _ _ _ _ _ _ _ _ _ _ _ _ _ _ _ _ _ _ _ _ _ _ _ _ _ _ _ _ _ _ _ _ _ _ _ _ _ _ _

item = &lt;Function test_add_user[base_info2-testcase2]&gt;

    def _test_fixtures(item):
        fixturemanager = item.session._fixturemanager
        fixturedefs = []
    
        if hasattr(item, "_request") and hasattr(item._request, "fixturenames"):
            for name in item._request.fixturenames:
&gt;               fixturedef = fixturemanager.getfixturedefs(name, item.nodeid)
E               AttributeError: 'str' object has no attribute 'iter_parents'

..\python3.10.1\lib\site-packages\allure_pytest\listener.py:286: AttributeError</error></testcase><testcase classname="testcase.Single interface.test_debug_api.TestUserManager" name="test_add_user[base_info3-testcase3]" time="0.004"><error message="failed on setup with &quot;AttributeError: 'str' object has no attribute 'iter_parents'&quot;">self = &lt;allure_pytest.listener.AllureListener object at 0x000002B040DCC730&gt;
item = &lt;Function test_add_user[base_info3-testcase3]&gt;

    @pytest.hookimpl(hookwrapper=True)
    def pytest_runtest_setup(self, item):
        if not self._cache.get(item.nodeid):
            uuid = self._cache.push(item.nodeid)
            test_result = TestResult(name=item.name, uuid=uuid, start=now(), stop=now())
            self.allure_logger.schedule_test(uuid, test_result)
    
        yield
    
        uuid = self._cache.get(item.nodeid)
        test_result = self.allure_logger.get_test(uuid)
&gt;       for fixturedef in _test_fixtures(item):

..\python3.10.1\lib\site-packages\allure_pytest\listener.py:79: 
_ _ _ _ _ _ _ _ _ _ _ _ _ _ _ _ _ _ _ _ _ _ _ _ _ _ _ _ _ _ _ _ _ _ _ _ _ _ _ _

item = &lt;Function test_add_user[base_info3-testcase3]&gt;

    def _test_fixtures(item):
        fixturemanager = item.session._fixturemanager
        fixturedefs = []
    
        if hasattr(item, "_request") and hasattr(item._request, "fixturenames"):
            for name in item._request.fixturenames:
&gt;               fixturedef = fixturemanager.getfixturedefs(name, item.nodeid)
E               AttributeError: 'str' object has no attribute 'iter_parents'

..\python3.10.1\lib\site-packages\allure_pytest\listener.py:286: AttributeError</error></testcase><testcase classname="testcase.Single interface.test_debug_api.TestUserManager" name="test_update_user[base_info0-testcase0]" time="0.003"><error message="failed on setup with &quot;AttributeError: 'str' object has no attribute 'iter_parents'&quot;">self = &lt;allure_pytest.listener.AllureListener object at 0x000002B040DCC730&gt;
item = &lt;Function test_update_user[base_info0-testcase0]&gt;

    @pytest.hookimpl(hookwrapper=True)
    def pytest_runtest_setup(self, item):
        if not self._cache.get(item.nodeid):
            uuid = self._cache.push(item.nodeid)
            test_result = TestResult(name=item.name, uuid=uuid, start=now(), stop=now())
            self.allure_logger.schedule_test(uuid, test_result)
    
        yield
    
        uuid = self._cache.get(item.nodeid)
        test_result = self.allure_logger.get_test(uuid)
&gt;       for fixturedef in _test_fixtures(item):

..\python3.10.1\lib\site-packages\allure_pytest\listener.py:79: 
_ _ _ _ _ _ _ _ _ _ _ _ _ _ _ _ _ _ _ _ _ _ _ _ _ _ _ _ _ _ _ _ _ _ _ _ _ _ _ _

item = &lt;Function test_update_user[base_info0-testcase0]&gt;

    def _test_fixtures(item):
        fixturemanager = item.session._fixturemanager
        fixturedefs = []
    
        if hasattr(item, "_request") and hasattr(item._request, "fixturenames"):
            for name in item._request.fixturenames:
&gt;               fixturedef = fixturemanager.getfixturedefs(name, item.nodeid)
E               AttributeError: 'str' object has no attribute 'iter_parents'

..\python3.10.1\lib\site-packages\allure_pytest\listener.py:286: AttributeError</error></testcase><testcase classname="testcase.Single interface.test_debug_api.TestUserManager" name="test_delete_user[base_info0-testcase0]" time="0.005"><error message="failed on setup with &quot;AttributeError: 'str' object has no attribute 'iter_parents'&quot;">self = &lt;allure_pytest.listener.AllureListener object at 0x000002B040DCC730&gt;
item = &lt;Function test_delete_user[base_info0-testcase0]&gt;

    @pytest.hookimpl(hookwrapper=True)
    def pytest_runtest_setup(self, item):
        if not self._cache.get(item.nodeid):
            uuid = self._cache.push(item.nodeid)
            test_result = TestResult(name=item.name, uuid=uuid, start=now(), stop=now())
            self.allure_logger.schedule_test(uuid, test_result)
    
        yield
    
        uuid = self._cache.get(item.nodeid)
        test_result = self.allure_logger.get_test(uuid)
&gt;       for fixturedef in _test_fixtures(item):

..\python3.10.1\lib\site-packages\allure_pytest\listener.py:79: 
_ _ _ _ _ _ _ _ _ _ _ _ _ _ _ _ _ _ _ _ _ _ _ _ _ _ _ _ _ _ _ _ _ _ _ _ _ _ _ _

item = &lt;Function test_delete_user[base_info0-testcase0]&gt;

    def _test_fixtures(item):
        fixturemanager = item.session._fixturemanager
        fixturedefs = []
    
        if hasattr(item, "_request") and hasattr(item._request, "fixturenames"):
            for name in item._request.fixturenames:
&gt;               fixturedef = fixturemanager.getfixturedefs(name, item.nodeid)
E               AttributeError: 'str' object has no attribute 'iter_parents'

..\python3.10.1\lib\site-packages\allure_pytest\listener.py:286: AttributeError</error></testcase><testcase classname="testcase.Single interface.test_debug_api.TestUserManager" name="test_delete_user[base_info1-testcase1]" time="0.004"><error message="failed on setup with &quot;AttributeError: 'str' object has no attribute 'iter_parents'&quot;">self = &lt;allure_pytest.listener.AllureListener object at 0x000002B040DCC730&gt;
item = &lt;Function test_delete_user[base_info1-testcase1]&gt;

    @pytest.hookimpl(hookwrapper=True)
    def pytest_runtest_setup(self, item):
        if not self._cache.get(item.nodeid):
            uuid = self._cache.push(item.nodeid)
            test_result = TestResult(name=item.name, uuid=uuid, start=now(), stop=now())
            self.allure_logger.schedule_test(uuid, test_result)
    
        yield
    
        uuid = self._cache.get(item.nodeid)
        test_result = self.allure_logger.get_test(uuid)
&gt;       for fixturedef in _test_fixtures(item):

..\python3.10.1\lib\site-packages\allure_pytest\listener.py:79: 
_ _ _ _ _ _ _ _ _ _ _ _ _ _ _ _ _ _ _ _ _ _ _ _ _ _ _ _ _ _ _ _ _ _ _ _ _ _ _ _

item = &lt;Function test_delete_user[base_info1-testcase1]&gt;

    def _test_fixtures(item):
        fixturemanager = item.session._fixturemanager
        fixturedefs = []
    
        if hasattr(item, "_request") and hasattr(item._request, "fixturenames"):
            for name in item._request.fixturenames:
&gt;               fixturedef = fixturemanager.getfixturedefs(name, item.nodeid)
E               AttributeError: 'str' object has no attribute 'iter_parents'

..\python3.10.1\lib\site-packages\allure_pytest\listener.py:286: AttributeError</error></testcase><testcase classname="testcase.Single interface.test_debug_api.TestUserManager" name="test_delete_user[base_info2-testcase2]" time="0.004"><error message="failed on setup with &quot;AttributeError: 'str' object has no attribute 'iter_parents'&quot;">self = &lt;allure_pytest.listener.AllureListener object at 0x000002B040DCC730&gt;
item = &lt;Function test_delete_user[base_info2-testcase2]&gt;

    @pytest.hookimpl(hookwrapper=True)
    def pytest_runtest_setup(self, item):
        if not self._cache.get(item.nodeid):
            uuid = self._cache.push(item.nodeid)
            test_result = TestResult(name=item.name, uuid=uuid, start=now(), stop=now())
            self.allure_logger.schedule_test(uuid, test_result)
    
        yield
    
        uuid = self._cache.get(item.nodeid)
        test_result = self.allure_logger.get_test(uuid)
&gt;       for fixturedef in _test_fixtures(item):

..\python3.10.1\lib\site-packages\allure_pytest\listener.py:79: 
_ _ _ _ _ _ _ _ _ _ _ _ _ _ _ _ _ _ _ _ _ _ _ _ _ _ _ _ _ _ _ _ _ _ _ _ _ _ _ _

item = &lt;Function test_delete_user[base_info2-testcase2]&gt;

    def _test_fixtures(item):
        fixturemanager = item.session._fixturemanager
        fixturedefs = []
    
        if hasattr(item, "_request") and hasattr(item._request, "fixturenames"):
            for name in item._request.fixturenames:
&gt;               fixturedef = fixturemanager.getfixturedefs(name, item.nodeid)
E               AttributeError: 'str' object has no attribute 'iter_parents'

..\python3.10.1\lib\site-packages\allure_pytest\listener.py:286: AttributeError</error></testcase><testcase classname="testcase.Single interface.test_debug_api.TestUserManager" name="test_delete_user[base_info3-testcase3]" time="0.006"><error message="failed on setup with &quot;AttributeError: 'str' object has no attribute 'iter_parents'&quot;">self = &lt;allure_pytest.listener.AllureListener object at 0x000002B040DCC730&gt;
item = &lt;Function test_delete_user[base_info3-testcase3]&gt;

    @pytest.hookimpl(hookwrapper=True)
    def pytest_runtest_setup(self, item):
        if not self._cache.get(item.nodeid):
            uuid = self._cache.push(item.nodeid)
            test_result = TestResult(name=item.name, uuid=uuid, start=now(), stop=now())
            self.allure_logger.schedule_test(uuid, test_result)
    
        yield
    
        uuid = self._cache.get(item.nodeid)
        test_result = self.allure_logger.get_test(uuid)
&gt;       for fixturedef in _test_fixtures(item):

..\python3.10.1\lib\site-packages\allure_pytest\listener.py:79: 
_ _ _ _ _ _ _ _ _ _ _ _ _ _ _ _ _ _ _ _ _ _ _ _ _ _ _ _ _ _ _ _ _ _ _ _ _ _ _ _

item = &lt;Function test_delete_user[base_info3-testcase3]&gt;

    def _test_fixtures(item):
        fixturemanager = item.session._fixturemanager
        fixturedefs = []
    
        if hasattr(item, "_request") and hasattr(item._request, "fixturenames"):
            for name in item._request.fixturenames:
&gt;               fixturedef = fixturemanager.getfixturedefs(name, item.nodeid)
E               AttributeError: 'str' object has no attribute 'iter_parents'

..\python3.10.1\lib\site-packages\allure_pytest\listener.py:286: AttributeError</error></testcase><testcase classname="testcase.Single interface.test_debug_api.TestUserManager" name="test_query_user[base_info0-testcase0]" time="0.007"><error message="failed on setup with &quot;AttributeError: 'str' object has no attribute 'iter_parents'&quot;">self = &lt;allure_pytest.listener.AllureListener object at 0x000002B040DCC730&gt;
item = &lt;Function test_query_user[base_info0-testcase0]&gt;

    @pytest.hookimpl(hookwrapper=True)
    def pytest_runtest_setup(self, item):
        if not self._cache.get(item.nodeid):
            uuid = self._cache.push(item.nodeid)
            test_result = TestResult(name=item.name, uuid=uuid, start=now(), stop=now())
            self.allure_logger.schedule_test(uuid, test_result)
    
        yield
    
        uuid = self._cache.get(item.nodeid)
        test_result = self.allure_logger.get_test(uuid)
&gt;       for fixturedef in _test_fixtures(item):

..\python3.10.1\lib\site-packages\allure_pytest\listener.py:79: 
_ _ _ _ _ _ _ _ _ _ _ _ _ _ _ _ _ _ _ _ _ _ _ _ _ _ _ _ _ _ _ _ _ _ _ _ _ _ _ _

item = &lt;Function test_query_user[base_info0-testcase0]&gt;

    def _test_fixtures(item):
        fixturemanager = item.session._fixturemanager
        fixturedefs = []
    
        if hasattr(item, "_request") and hasattr(item._request, "fixturenames"):
            for name in item._request.fixturenames:
&gt;               fixturedef = fixturemanager.getfixturedefs(name, item.nodeid)
E               AttributeError: 'str' object has no attribute 'iter_parents'

..\python3.10.1\lib\site-packages\allure_pytest\listener.py:286: AttributeError</error></testcase></testsuite></testsuites>